2025-07-11 21:00:26,146 - INFO - Fetching links from: https://enps.nsdl.com/eNPS/NationalPensionSystem.html
2025-07-11 21:00:26,703 - INFO - Found 2 URLs to process
2025-07-11 21:00:26,703 - INFO - Processing URL 1/2: https://enps.nsdl.com/eNPS/NationalPensionSystem.html
2025-07-11 21:00:27,175 - INFO - Processing URL 2/2: https://enps.nsdl.com/eNPS/NationalPensionSystem.html
2025-07-11 21:00:27,542 - INFO - Total content size: 36640 characters
2025-07-11 21:00:27,545 - INFO - Created 46 text chunks
2025-07-11 21:01:20,970 - INFO - Loading faiss.
2025-07-11 21:01:21,009 - INFO - Successfully loaded faiss.
2025-07-11 21:01:21,012 - INFO - Failed to load GPU Faiss: name 'GpuIndexIVFFlat' is not defined. Will not load constructor refs for GPU indexes. This is only an error if you're trying to use GPU Faiss.
2025-07-11 21:01:21,019 - INFO - Vector database saved to vector_store.faiss
2025-07-11 21:03:47,895 - ERROR - Error answering question: Error raised by inference API HTTP code: 404, {"error":"model \"dllama3.1:latest\" not found, try pulling it first"}
2025-07-11 21:13:45,498 - INFO - Fetching links from: https://enps.nsdl.com/eNPS/NationalPensionSystem.html
2025-07-11 21:13:46,163 - INFO - Found 2 URLs to process
2025-07-11 21:13:46,163 - INFO - Processing URL 1/2: https://enps.nsdl.com/eNPS/NationalPensionSystem.html
2025-07-11 21:13:46,519 - INFO - Processing URL 2/2: https://enps.nsdl.com/eNPS/NationalPensionSystem.html
2025-07-11 21:13:46,976 - INFO - Total content size: 36640 characters
2025-07-11 21:13:46,978 - INFO - Created 184 text chunks
2025-07-11 21:15:10,517 - INFO - Vector database saved to vector_store.faiss
2025-07-11 21:17:18,279 - INFO - ✅ Vector database loaded successfully
2025-07-11 21:17:18,280 - INFO - 
Database Statistics:
2025-07-11 21:17:18,280 - INFO - - Number of documents: 184
2025-07-11 21:17:59,364 - INFO - ✅ Vector database loaded successfully
2025-07-11 21:17:59,364 - INFO - 
Database Statistics:
2025-07-11 21:17:59,364 - INFO - - Number of documents: 184
2025-07-11 21:19:04,415 - INFO - ✅ Vector database loaded successfully
2025-07-11 21:19:04,416 - INFO - 
Database Statistics:
2025-07-11 21:19:04,416 - INFO - - Number of documents: 184
2025-07-11 21:20:22,879 - INFO - ✅ Vector database loaded successfully
2025-07-11 21:20:22,879 - INFO - 
Database Statistics:
2025-07-11 21:20:22,879 - INFO - - Number of documents: 184
2025-07-11 21:21:10,307 - INFO - Fetching links from: https://www.epfindia.gov.in/site_en/index.php
2025-07-11 21:21:10,937 - INFO - Found 3 URLs to process
2025-07-11 21:21:10,937 - INFO - Processing URL 1/3: https://www.epfindia.gov.in/site_en/index.php
2025-07-11 21:21:11,427 - INFO - Processing URL 2/3: https://www.epfindia.gov.in/site_en/index.php
2025-07-11 21:21:12,017 - INFO - Processing URL 3/3: https://www.epfindia.gov.in/site_en/index.php#middle_sec
2025-07-11 21:21:12,448 - INFO - Total content size: 131785 characters
2025-07-11 21:21:12,455 - INFO - Created 660 text chunks
2025-07-11 21:26:49,326 - INFO - Vector database saved to vector_store.faiss
2025-07-11 21:28:24,995 - INFO - ✅ Vector database loaded successfully
2025-07-11 21:28:24,996 - INFO - 
Database Statistics:
2025-07-11 21:28:24,996 - INFO - - Number of documents: 660
2025-07-11 21:29:49,332 - INFO - ✅ Vector database loaded successfully
2025-07-11 21:29:49,332 - INFO - 
Database Statistics:
2025-07-11 21:29:49,333 - INFO - - Number of documents: 660
2025-07-11 21:30:31,562 - INFO - ✅ Vector database loaded successfully
2025-07-11 21:30:31,563 - INFO - 
Database Statistics:
2025-07-11 21:30:31,563 - INFO - - Number of documents: 660
